<?xml version="1.0" encoding="UTF-8"?>
<testsuite xmlns:xsi="http://www.w3.org/2001/XMLSchema-instance" xsi:noNamespaceSchemaLocation="https://maven.apache.org/surefire/maven-surefire-plugin/xsd/surefire-test-report.xsd" version="3.0.2" name="com.demo.runners.RunCucumberTest" time="78.691" tests="1" errors="0" skipped="0" failures="0">
  <properties>
[...]
</properties>
  <testcase name="runScenario[&quot;Login using Excel data&quot;, &quot;Reusing Browser with Excel Data&quot;](1)" classname="com.demo.runners.RunCucumberTest" time="70.565">
    <system-out><![CDATA[2026-04-01 10:41:30 INFO  [main] Hooks - === Opening browser once for all scenarios ===
2026-04-01 10:41:31 INFO  [main] DriverFactory - Initializing Edge browser
2026-04-01 10:41:34 INFO  [main] DriverFactory - Browser Session ID: 6ff698a018accd6eda2f4ae436898e61

Scenario: Login using Excel data                                           # src/test/resources/features/reuse_browser.feature:3
2026-04-01 10:41:47 INFO  [main] DriverFactory - Browser Session ID: 6ff698a018accd6eda2f4ae436898e61
  âœ” Given user opens the login page                                        # com.demo.stepdefinitions.ReuseBrowserSteps.user_opens_login_page()
Logging in with: tomsmith
Logging in with: wronguser
Logging in with: tomsmith
  âœ” When user logs in using excel "testdata/LoginData.xlsx" sheet "Sheet1" # com.demo.stepdefinitions.ReuseBrowserSteps.user_logs_in_using_excel(java.lang.String,java.lang.String)
]]></system-out>
    <system-err><![CDATA[Apr 01, 2026 10:41:34 AM org.openqa.selenium.devtools.CdpVersionFinder findNearestMatch
WARNING: Unable to find an exact match for CDP version 146, returning the closest version; found: 145; Please update to a Selenium version that supports CDP version 146
]]></system-err>
  </testcase>
</testsuite>