<?xml version="1.0" encoding="UTF-8"?>
<testng-results ignored="0" total="1" passed="1" failed="0" skipped="0">
  <reporter-output>
  </reporter-output>
  <suite started-at="2026-04-01T10:41:29 IST" name="Surefire suite" finished-at="2026-04-01T10:42:46 IST" duration-ms="76226">
    <groups>
      <group name="cucumber">
        <method signature="AbstractTestNGCucumberTests.runScenario(io.cucumber.testng.PickleWrapper,io.cucumber.testng.FeatureWrapper)[pri:0, instance:com.demo.runners.RunCucumberTest@5cdd09b1]" name="runScenario" class="io.cucumber.testng.AbstractTestNGCucumberTests"/>
      </group> <!-- cucumber -->
    </groups>
    <test started-at="2026-04-01T10:41:29 IST" name="Surefire test" finished-at="2026-04-01T10:42:46 IST" duration-ms="76226">
      <class name="com.demo.runners.RunCucumberTest">
        <test-method is-config="true" signature="setUpClass(org.testng.ITestContext)[pri:0, instance:com.demo.runners.RunCucumberTest@5cdd09b1]" started-at="2026-04-01T10:41:29 IST" name="setUpClass" finished-at="2026-04-01T10:41:34 IST" duration-ms="4828" status="PASS">
          <params>
            <param index="0">
              <value>
                <![CDATA[org.testng.TestRunner@a2df0d5]]>
              </value>
            </param>
          </params>
          <reporter-output>
          </reporter-output>
        </test-method> <!-- setUpClass -->
        <test-method signature="runScenario(io.cucumber.testng.PickleWrapper,io.cucumber.testng.FeatureWrapper)[pri:0, instance:com.demo.runners.RunCucumberTest@5cdd09b1]" started-at="2026-04-01T10:41:34 IST" name="runScenario" description="Runs Cucumber Scenarios" data-provider="scenarios" finished-at="2026-04-01T10:42:45 IST" duration-ms="70562" status="PASS">
          <params>
            <param index="0">
              <value>
                <![CDATA["Login using Excel data"]]>
              </value>
            </param>
            <param index="1">
              <value>
                <![CDATA["Reusing Browser with Excel Data"]]>
              </value>
            </param>
          </params>
          <reporter-output>
          </reporter-output>
        </test-method> <!-- runScenario -->
        <test-method is-config="true" signature="tearDownClass()[pri:0, instance:com.demo.runners.RunCucumberTest@5cdd09b1]" started-at="2026-04-01T10:42:45 IST" name="tearDownClass" finished-at="2026-04-01T10:42:46 IST" duration-ms="785" status="PASS">
          <reporter-output>
          </reporter-output>
        </test-method> <!-- tearDownClass -->
      </class> <!-- com.demo.runners.RunCucumberTest -->
    </test> <!-- Surefire test -->
  </suite> <!-- Surefire suite -->
</testng-results>
